\BOOKMARK [1][-]{section.1}{\376\377\133\236\232\214\166\356\150\007\116\016\225\356\230\230\145\164\164\006}{}% 1
\BOOKMARK [2][-]{subsection.1.1}{\376\377\133\236\232\214\166\356\150\007}{section.1}% 2
\BOOKMARK [2][-]{subsection.1.2}{\376\377\225\356\230\230\145\164\164\006}{section.1}% 3
\BOOKMARK [1][-]{section.2}{\376\377\225\356\230\230\122\006\147\220}{}% 4
\BOOKMARK [2][-]{subsection.2.1}{\376\377\135\345\117\134\172\013\136\217\166\204\122\007\143\142}{section.2}% 5
\BOOKMARK [2][-]{subsection.2.2}{\376\377\172\013\136\217\116\073\137\252\163\257\145\160\120\074\146\076\171\072\123\312\143\247\122\066}{section.2}% 6
\BOOKMARK [3][-]{subsubsection.2.2.1}{\376\377\122\237\200\375\133\236\163\260}{subsection.2.2}% 7
\BOOKMARK [3][-]{subsubsection.2.2.2}{\376\377\226\062\142\226\145\271\154\325}{subsection.2.2}% 8
\BOOKMARK [2][-]{subsection.2.3}{\376\377\145\160\170\001\137\000\121\163\000Q\000E\000S\123\330\221\317\146\076\171\072\123\312\143\247\122\066}{section.2}% 9
\BOOKMARK [3][-]{subsubsection.2.3.1}{\376\377\122\237\200\375\133\236\163\260}{subsection.2.3}% 10
\BOOKMARK [3][-]{subsubsection.2.3.2}{\376\377\226\062\142\226\145\271\154\325}{subsection.2.3}% 11
\BOOKMARK [1][-]{section.3}{\376\377\172\013\136\217\137\000\123\321}{}% 12
\BOOKMARK [2][-]{subsection.3.1}{\376\377\116\373\122\241\0001\116\343\170\001\133\236\163\260}{section.3}% 13
\BOOKMARK [3][-]{subsubsection.3.1.1}{\376\377\172\013\136\217\116\073\117\123}{subsection.3.1}% 14
\BOOKMARK [3][-]{subsubsection.3.1.2}{\376\377\116\055\145\255\131\004\164\006}{subsection.3.1}% 15
\BOOKMARK [2][-]{subsection.3.2}{\376\377\116\373\122\241\0002\116\343\170\001\133\236\163\260}{section.3}% 16
\BOOKMARK [3][-]{subsubsection.3.2.1}{\376\377\172\013\136\217\116\073\117\123}{subsection.3.2}% 17
\BOOKMARK [3][-]{subsubsection.3.2.2}{\376\377\116\055\145\255\131\004\164\006}{subsection.3.2}% 18
\BOOKMARK [2][-]{subsection.3.3}{\376\377\116\373\122\241\122\007\143\142\116\016\221\315\177\156}{section.3}% 19
\BOOKMARK [1][-]{section.4}{\376\377\133\236\232\214\176\323\147\234}{}% 20
\BOOKMARK [2][-]{subsection.4.1}{\376\377\117\177\165\050\142\350\170\001\137\000\121\163\000S\000W\0001\122\007\143\142\116\373\122\241}{section.4}% 21
\BOOKMARK [2][-]{subsection.4.2}{\376\377\116\373\122\241\0001\166\204\142\147\210\114}{section.4}% 22
\BOOKMARK [2][-]{subsection.4.3}{\376\377\116\373\122\241\0002\166\204\142\147\210\114}{section.4}% 23
\BOOKMARK [1][-]{section.5}{\376\377\176\323\213\272}{}% 24
